<?xml version="1.0" encoding="UTF-8"?>
<coverage generated="1742553167310" clover="3.2.0">
  <project timestamp="1742553167310" name="All files">
    <metrics statements="81" coveredstatements="18" conditionals="80" coveredconditionals="10" methods="16" coveredmethods="1" elements="177" coveredelements="29" complexity="0" loc="81" ncloc="81" packages="2" files="5" classes="5"/>
    <package name="lib">
      <metrics statements="0" coveredstatements="0" conditionals="0" coveredconditionals="0" methods="0" coveredmethods="0"/>
      <file name="index.js" path="E:\project_self\vantElementNotice\src\lib\index.js">
        <metrics statements="0" coveredstatements="0" conditionals="0" coveredconditionals="0" methods="0" coveredmethods="0"/>
      </file>
    </package>
    <package name="lib.vantElementNotice">
      <metrics statements="81" coveredstatements="18" conditionals="80" coveredconditionals="10" methods="16" coveredmethods="1"/>
      <file name="alert.js" path="E:\project_self\vantElementNotice\src\lib\vantElementNotice\alert.js">
        <metrics statements="21" coveredstatements="1" conditionals="20" coveredconditionals="0" methods="5" coveredmethods="0"/>
        <line num="11" count="3" type="stmt"/>
        <line num="47" count="0" type="cond" truecount="0" falsecount="2"/>
        <line num="48" count="0" type="stmt"/>
        <line num="56" count="0" type="cond" truecount="0" falsecount="4"/>
        <line num="58" count="0" type="cond" truecount="0" falsecount="2"/>
        <line num="59" count="0" type="stmt"/>
        <line num="62" count="0" type="stmt"/>
        <line num="63" count="0" type="stmt"/>
        <line num="64" count="0" type="cond" truecount="0" falsecount="2"/>
        <line num="65" count="0" type="stmt"/>
        <line num="70" count="0" type="stmt"/>
        <line num="71" count="0" type="stmt"/>
        <line num="74" count="0" type="cond" truecount="0" falsecount="2"/>
        <line num="75" count="0" type="stmt"/>
        <line num="77" count="0" type="stmt"/>
        <line num="83" count="0" type="stmt"/>
        <line num="86" count="0" type="stmt"/>
        <line num="87" count="0" type="stmt"/>
        <line num="88" count="0" type="cond" truecount="0" falsecount="2"/>
        <line num="89" count="0" type="stmt"/>
        <line num="93" count="0" type="stmt"/>
      </file>
      <file name="confirm.js" path="E:\project_self\vantElementNotice\src\lib\vantElementNotice\confirm.js">
        <metrics statements="17" coveredstatements="1" conditionals="23" coveredconditionals="0" methods="3" coveredmethods="0"/>
        <line num="11" count="3" type="stmt"/>
        <line num="50" count="0" type="cond" truecount="0" falsecount="2"/>
        <line num="51" count="0" type="stmt"/>
        <line num="60" count="0" type="cond" truecount="0" falsecount="4"/>
        <line num="62" count="0" type="cond" truecount="0" falsecount="2"/>
        <line num="63" count="0" type="stmt"/>
        <line num="66" count="0" type="stmt"/>
        <line num="67" count="0" type="stmt"/>
        <line num="68" count="0" type="cond" truecount="0" falsecount="2"/>
        <line num="69" count="0" type="stmt"/>
        <line num="73" count="0" type="stmt"/>
        <line num="76" count="0" type="stmt"/>
        <line num="79" count="0" type="stmt"/>
        <line num="80" count="0" type="stmt"/>
        <line num="81" count="0" type="cond" truecount="0" falsecount="4"/>
        <line num="82" count="0" type="stmt"/>
        <line num="86" count="0" type="stmt"/>
      </file>
      <file name="index.js" path="E:\project_self\vantElementNotice\src\lib\vantElementNotice\index.js">
        <metrics statements="10" coveredstatements="10" conditionals="13" coveredconditionals="10" methods="1" coveredmethods="1"/>
        <line num="17" count="3" type="stmt"/>
        <line num="27" count="3" type="stmt"/>
        <line num="37" count="5" type="cond" truecount="2" falsecount="0"/>
        <line num="40" count="5" type="cond" truecount="4" falsecount="0"/>
        <line num="43" count="5" type="stmt"/>
        <line num="48" count="5" type="stmt"/>
        <line num="51" count="5" type="cond" truecount="1" falsecount="1"/>
        <line num="52" count="5" type="cond" truecount="1" falsecount="1"/>
        <line num="53" count="5" type="cond" truecount="1" falsecount="1"/>
        <line num="56" count="5" type="stmt"/>
      </file>
      <file name="message.js" path="E:\project_self\vantElementNotice\src\lib\vantElementNotice\message.js">
        <metrics statements="33" coveredstatements="6" conditionals="24" coveredconditionals="0" methods="7" coveredmethods="0"/>
        <line num="11" count="3" type="stmt"/>
        <line num="33" count="3" type="stmt"/>
        <line num="61" count="0" type="cond" truecount="0" falsecount="2"/>
        <line num="62" count="0" type="stmt"/>
        <line num="66" count="0" type="cond" truecount="0" falsecount="4"/>
        <line num="68" count="0" type="cond" truecount="0" falsecount="2"/>
        <line num="69" count="0" type="stmt"/>
        <line num="72" count="0" type="stmt"/>
        <line num="73" count="0" type="stmt"/>
        <line num="74" count="0" type="cond" truecount="0" falsecount="2"/>
        <line num="75" count="0" type="stmt"/>
        <line num="79" count="0" type="stmt"/>
        <line num="82" count="0" type="stmt"/>
        <line num="85" count="0" type="stmt"/>
        <line num="86" count="0" type="stmt"/>
        <line num="87" count="0" type="cond" truecount="0" falsecount="2"/>
        <line num="88" count="0" type="stmt"/>
        <line num="93" count="0" type="cond" truecount="0" falsecount="4"/>
        <line num="94" count="0" type="cond" truecount="0" falsecount="2"/>
        <line num="95" count="0" type="stmt"/>
        <line num="96" count="0" type="cond" truecount="0" falsecount="2"/>
        <line num="97" count="0" type="stmt"/>
        <line num="99" count="0" type="stmt"/>
        <line num="100" count="0" type="stmt"/>
        <line num="104" count="0" type="stmt"/>
        <line num="109" count="3" type="cond" truecount="0" falsecount="1"/>
        <line num="110" count="0" type="stmt"/>
        <line num="113" count="3" type="cond" truecount="0" falsecount="1"/>
        <line num="114" count="0" type="stmt"/>
        <line num="117" count="3" type="cond" truecount="0" falsecount="1"/>
        <line num="118" count="0" type="stmt"/>
        <line num="121" count="3" type="cond" truecount="0" falsecount="1"/>
        <line num="122" count="0" type="stmt"/>
      </file>
    </package>
  </project>
</coverage>
