{"E:\\project_self\\vant-element-notice\\src\\lib\\index.js": {"path":"E:\\project_self\\vant-element-notice\\src\\lib\\index.js","statementMap":{},"fnMap":{},"branchMap":{},"s":{},"f":{},"b":{},"_coverageSchema":"1a1c01bbd47fc00a2c39e90264f33305004495a9","hash":"d245a9e4aca222296dfc0a9442584f59d5ec81da"}
,"E:\\project_self\\vant-element-notice\\src\\lib\\vantElementNotice\\alert.js": {"path":"E:\\project_self\\vant-element-notice\\src\\lib\\vantElementNotice\\alert.js","statementMap":{"0":{"start":{"line":11,"column":23},"end":{"line":30,"column":1}},"1":{"start":{"line":44,"column":2},"end":{"line":50,"column":3}},"2":{"start":{"line":45,"column":4},"end":{"line":49,"column":5}},"3":{"start":{"line":53,"column":20},"end":{"line":53,"column":112}},"4":{"start":{"line":55,"column":2},"end":{"line":80,"column":3}},"5":{"start":{"line":56,"column":27},"end":{"line":60,"column":5}},"6":{"start":{"line":62,"column":4},"end":{"line":62,"column":85}},"7":{"start":{"line":65,"column":24},"end":{"line":70,"column":5}},"8":{"start":{"line":72,"column":4},"end":{"line":77,"column":5}},"9":{"start":{"line":73,"column":6},"end":{"line":76,"column":7}},"10":{"start":{"line":74,"column":8},"end":{"line":74,"column":32}},"11":{"start":{"line":75,"column":8},"end":{"line":75,"column":19}},"12":{"start":{"line":79,"column":4},"end":{"line":79,"column":51}}},"fnMap":{"0":{"name":"alert","decl":{"start":{"line":42,"column":16},"end":{"line":42,"column":21}},"loc":{"start":{"line":42,"column":67},"end":{"line":81,"column":1}},"line":42},"1":{"name":"(anonymous_1)","decl":{"start":{"line":73,"column":32},"end":{"line":73,"column":33}},"loc":{"start":{"line":73,"column":44},"end":{"line":76,"column":7}},"line":73}},"branchMap":{"0":{"loc":{"start":{"line":42,"column":31},"end":{"line":42,"column":41}},"type":"default-arg","locations":[{"start":{"line":42,"column":39},"end":{"line":42,"column":41}}],"line":42},"1":{"loc":{"start":{"line":42,"column":43},"end":{"line":42,"column":65}},"type":"default-arg","locations":[{"start":{"line":42,"column":63},"end":{"line":42,"column":65}}],"line":42},"2":{"loc":{"start":{"line":44,"column":2},"end":{"line":50,"column":3}},"type":"if","locations":[{"start":{"line":44,"column":2},"end":{"line":50,"column":3}},{"start":{},"end":{}}],"line":44},"3":{"loc":{"start":{"line":47,"column":13},"end":{"line":47,"column":24}},"type":"binary-expr","locations":[{"start":{"line":47,"column":13},"end":{"line":47,"column":18}},{"start":{"line":47,"column":22},"end":{"line":47,"column":24}}],"line":47},"4":{"loc":{"start":{"line":48,"column":25},"end":{"line":48,"column":50}},"type":"binary-expr","locations":[{"start":{"line":48,"column":25},"end":{"line":48,"column":42}},{"start":{"line":48,"column":46},"end":{"line":48,"column":50}}],"line":48},"5":{"loc":{"start":{"line":53,"column":20},"end":{"line":53,"column":112}},"type":"binary-expr","locations":[{"start":{"line":53,"column":20},"end":{"line":53,"column":63}},{"start":{"line":53,"column":68},"end":{"line":53,"column":111}}],"line":53},"6":{"loc":{"start":{"line":53,"column":68},"end":{"line":53,"column":111}},"type":"cond-expr","locations":[{"start":{"line":53,"column":93},"end":{"line":53,"column":102}},{"start":{"line":53,"column":105},"end":{"line":53,"column":111}}],"line":53},"7":{"loc":{"start":{"line":55,"column":2},"end":{"line":80,"column":3}},"type":"if","locations":[{"start":{"line":55,"column":2},"end":{"line":80,"column":3}},{"start":{"line":63,"column":9},"end":{"line":80,"column":3}}],"line":55},"8":{"loc":{"start":{"line":58,"column":25},"end":{"line":58,"column":58}},"type":"binary-expr","locations":[{"start":{"line":58,"column":25},"end":{"line":58,"column":50}},{"start":{"line":58,"column":54},"end":{"line":58,"column":58}}],"line":58},"9":{"loc":{"start":{"line":62,"column":49},"end":{"line":62,"column":68}},"type":"binary-expr","locations":[{"start":{"line":62,"column":49},"end":{"line":62,"column":62}},{"start":{"line":62,"column":66},"end":{"line":62,"column":68}}],"line":62},"10":{"loc":{"start":{"line":66,"column":13},"end":{"line":66,"column":34}},"type":"binary-expr","locations":[{"start":{"line":66,"column":13},"end":{"line":66,"column":26}},{"start":{"line":66,"column":30},"end":{"line":66,"column":34}}],"line":66},"11":{"loc":{"start":{"line":68,"column":25},"end":{"line":68,"column":58}},"type":"binary-expr","locations":[{"start":{"line":68,"column":25},"end":{"line":68,"column":50}},{"start":{"line":68,"column":54},"end":{"line":68,"column":58}}],"line":68},"12":{"loc":{"start":{"line":72,"column":4},"end":{"line":77,"column":5}},"type":"if","locations":[{"start":{"line":72,"column":4},"end":{"line":77,"column":5}},{"start":{},"end":{}}],"line":72}},"s":{"0":5,"1":7,"2":4,"3":7,"4":7,"5":3,"6":3,"7":4,"8":4,"9":2,"10":1,"11":1,"12":4},"f":{"0":7,"1":1},"b":{"0":[5],"1":[7],"2":[4,3],"3":[4,2],"4":[4,4],"5":[7,7],"6":[3,4],"7":[3,4],"8":[3,0],"9":[3,1],"10":[4,1],"11":[4,1],"12":[2,2]},"_coverageSchema":"1a1c01bbd47fc00a2c39e90264f33305004495a9","hash":"defa8b160d95a97478654f5a7430e2a485bababa"}
,"E:\\project_self\\vant-element-notice\\src\\lib\\vantElementNotice\\confirm.js": {"path":"E:\\project_self\\vant-element-notice\\src\\lib\\vantElementNotice\\confirm.js","statementMap":{"0":{"start":{"line":11,"column":23},"end":{"line":34,"column":1}},"1":{"start":{"line":49,"column":2},"end":{"line":56,"column":3}},"2":{"start":{"line":50,"column":4},"end":{"line":55,"column":5}},"3":{"start":{"line":59,"column":20},"end":{"line":59,"column":112}},"4":{"start":{"line":61,"column":2},"end":{"line":88,"column":3}},"5":{"start":{"line":62,"column":27},"end":{"line":67,"column":5}},"6":{"start":{"line":69,"column":4},"end":{"line":69,"column":87}},"7":{"start":{"line":72,"column":24},"end":{"line":78,"column":5}},"8":{"start":{"line":80,"column":4},"end":{"line":85,"column":5}},"9":{"start":{"line":81,"column":6},"end":{"line":84,"column":7}},"10":{"start":{"line":82,"column":8},"end":{"line":82,"column":32}},"11":{"start":{"line":83,"column":8},"end":{"line":83,"column":19}},"12":{"start":{"line":87,"column":4},"end":{"line":87,"column":53}}},"fnMap":{"0":{"name":"confirm","decl":{"start":{"line":47,"column":16},"end":{"line":47,"column":23}},"loc":{"start":{"line":47,"column":92},"end":{"line":89,"column":1}},"line":47},"1":{"name":"(anonymous_1)","decl":{"start":{"line":81,"column":32},"end":{"line":81,"column":33}},"loc":{"start":{"line":81,"column":44},"end":{"line":84,"column":7}},"line":81}},"branchMap":{"0":{"loc":{"start":{"line":47,"column":33},"end":{"line":47,"column":43}},"type":"default-arg","locations":[{"start":{"line":47,"column":41},"end":{"line":47,"column":43}}],"line":47},"1":{"loc":{"start":{"line":47,"column":45},"end":{"line":47,"column":67}},"type":"default-arg","locations":[{"start":{"line":47,"column":65},"end":{"line":47,"column":67}}],"line":47},"2":{"loc":{"start":{"line":47,"column":69},"end":{"line":47,"column":90}},"type":"default-arg","locations":[{"start":{"line":47,"column":88},"end":{"line":47,"column":90}}],"line":47},"3":{"loc":{"start":{"line":49,"column":2},"end":{"line":56,"column":3}},"type":"if","locations":[{"start":{"line":49,"column":2},"end":{"line":56,"column":3}},{"start":{},"end":{}}],"line":49},"4":{"loc":{"start":{"line":52,"column":13},"end":{"line":52,"column":24}},"type":"binary-expr","locations":[{"start":{"line":52,"column":13},"end":{"line":52,"column":18}},{"start":{"line":52,"column":22},"end":{"line":52,"column":24}}],"line":52},"5":{"loc":{"start":{"line":53,"column":25},"end":{"line":53,"column":50}},"type":"binary-expr","locations":[{"start":{"line":53,"column":25},"end":{"line":53,"column":42}},{"start":{"line":53,"column":46},"end":{"line":53,"column":50}}],"line":53},"6":{"loc":{"start":{"line":54,"column":24},"end":{"line":54,"column":48}},"type":"binary-expr","locations":[{"start":{"line":54,"column":24},"end":{"line":54,"column":40}},{"start":{"line":54,"column":44},"end":{"line":54,"column":48}}],"line":54},"7":{"loc":{"start":{"line":59,"column":20},"end":{"line":59,"column":112}},"type":"binary-expr","locations":[{"start":{"line":59,"column":20},"end":{"line":59,"column":63}},{"start":{"line":59,"column":68},"end":{"line":59,"column":111}}],"line":59},"8":{"loc":{"start":{"line":59,"column":68},"end":{"line":59,"column":111}},"type":"cond-expr","locations":[{"start":{"line":59,"column":93},"end":{"line":59,"column":102}},{"start":{"line":59,"column":105},"end":{"line":59,"column":111}}],"line":59},"9":{"loc":{"start":{"line":61,"column":2},"end":{"line":88,"column":3}},"type":"if","locations":[{"start":{"line":61,"column":2},"end":{"line":88,"column":3}},{"start":{"line":70,"column":9},"end":{"line":88,"column":3}}],"line":61},"10":{"loc":{"start":{"line":64,"column":25},"end":{"line":64,"column":58}},"type":"binary-expr","locations":[{"start":{"line":64,"column":25},"end":{"line":64,"column":50}},{"start":{"line":64,"column":54},"end":{"line":64,"column":58}}],"line":64},"11":{"loc":{"start":{"line":65,"column":24},"end":{"line":65,"column":56}},"type":"binary-expr","locations":[{"start":{"line":65,"column":24},"end":{"line":65,"column":48}},{"start":{"line":65,"column":52},"end":{"line":65,"column":56}}],"line":65},"12":{"loc":{"start":{"line":69,"column":51},"end":{"line":69,"column":70}},"type":"binary-expr","locations":[{"start":{"line":69,"column":51},"end":{"line":69,"column":64}},{"start":{"line":69,"column":68},"end":{"line":69,"column":70}}],"line":69},"13":{"loc":{"start":{"line":73,"column":13},"end":{"line":73,"column":34}},"type":"binary-expr","locations":[{"start":{"line":73,"column":13},"end":{"line":73,"column":26}},{"start":{"line":73,"column":30},"end":{"line":73,"column":34}}],"line":73},"14":{"loc":{"start":{"line":75,"column":25},"end":{"line":75,"column":58}},"type":"binary-expr","locations":[{"start":{"line":75,"column":25},"end":{"line":75,"column":50}},{"start":{"line":75,"column":54},"end":{"line":75,"column":58}}],"line":75},"15":{"loc":{"start":{"line":76,"column":24},"end":{"line":76,"column":56}},"type":"binary-expr","locations":[{"start":{"line":76,"column":24},"end":{"line":76,"column":48}},{"start":{"line":76,"column":52},"end":{"line":76,"column":56}}],"line":76},"16":{"loc":{"start":{"line":80,"column":4},"end":{"line":85,"column":5}},"type":"if","locations":[{"start":{"line":80,"column":4},"end":{"line":85,"column":5}},{"start":{},"end":{}}],"line":80}},"s":{"0":5,"1":7,"2":4,"3":7,"4":7,"5":3,"6":3,"7":4,"8":4,"9":2,"10":2,"11":2,"12":4},"f":{"0":7,"1":2},"b":{"0":[5],"1":[7],"2":[7],"3":[4,3],"4":[4,2],"5":[4,4],"6":[4,4],"7":[7,7],"8":[3,4],"9":[3,4],"10":[3,0],"11":[3,0],"12":[3,1],"13":[4,1],"14":[4,1],"15":[4,1],"16":[2,2]},"_coverageSchema":"1a1c01bbd47fc00a2c39e90264f33305004495a9","hash":"f93614558bbda47f3c401296ffe3a1df31310b7a"}
,"E:\\project_self\\vant-element-notice\\src\\lib\\vantElementNotice\\index.js": {"path":"E:\\project_self\\vant-element-notice\\src\\lib\\vantElementNotice\\index.js","statementMap":{"0":{"start":{"line":17,"column":17},"end":{"line":21,"column":1}},"1":{"start":{"line":27,"column":26},"end":{"line":59,"column":1}},"2":{"start":{"line":37,"column":28},"end":{"line":37,"column":72}},"3":{"start":{"line":40,"column":22},"end":{"line":40,"column":88}},"4":{"start":{"line":43,"column":4},"end":{"line":46,"column":5}},"5":{"start":{"line":49,"column":18},"end":{"line":49,"column":20}},"6":{"start":{"line":52,"column":4},"end":{"line":52,"column":56}},"7":{"start":{"line":52,"column":33},"end":{"line":52,"column":56}},"8":{"start":{"line":53,"column":4},"end":{"line":53,"column":50}},"9":{"start":{"line":53,"column":31},"end":{"line":53,"column":50}},"10":{"start":{"line":54,"column":4},"end":{"line":54,"column":56}},"11":{"start":{"line":54,"column":33},"end":{"line":54,"column":56}},"12":{"start":{"line":57,"column":4},"end":{"line":57,"column":32}}},"fnMap":{"0":{"name":"(anonymous_0)","decl":{"start":{"line":35,"column":2},"end":{"line":35,"column":3}},"loc":{"start":{"line":35,"column":29},"end":{"line":58,"column":3}},"line":35}},"branchMap":{"0":{"loc":{"start":{"line":35,"column":15},"end":{"line":35,"column":27}},"type":"default-arg","locations":[{"start":{"line":35,"column":25},"end":{"line":35,"column":27}}],"line":35},"1":{"loc":{"start":{"line":37,"column":47},"end":{"line":37,"column":69}},"type":"binary-expr","locations":[{"start":{"line":37,"column":47},"end":{"line":37,"column":63}},{"start":{"line":37,"column":67},"end":{"line":37,"column":69}}],"line":37},"2":{"loc":{"start":{"line":40,"column":22},"end":{"line":40,"column":88}},"type":"binary-expr","locations":[{"start":{"line":40,"column":22},"end":{"line":40,"column":39}},{"start":{"line":40,"column":44},"end":{"line":40,"column":87}}],"line":40},"3":{"loc":{"start":{"line":40,"column":44},"end":{"line":40,"column":87}},"type":"cond-expr","locations":[{"start":{"line":40,"column":69},"end":{"line":40,"column":78}},{"start":{"line":40,"column":81},"end":{"line":40,"column":87}}],"line":40},"4":{"loc":{"start":{"line":52,"column":4},"end":{"line":52,"column":56}},"type":"if","locations":[{"start":{"line":52,"column":4},"end":{"line":52,"column":56}},{"start":{},"end":{}}],"line":52},"5":{"loc":{"start":{"line":53,"column":4},"end":{"line":53,"column":50}},"type":"if","locations":[{"start":{"line":53,"column":4},"end":{"line":53,"column":50}},{"start":{},"end":{}}],"line":53},"6":{"loc":{"start":{"line":54,"column":4},"end":{"line":54,"column":56}},"type":"if","locations":[{"start":{"line":54,"column":4},"end":{"line":54,"column":56}},{"start":{},"end":{}}],"line":54}},"s":{"0":5,"1":5,"2":5,"3":5,"4":5,"5":5,"6":5,"7":5,"8":5,"9":5,"10":5,"11":5,"12":5},"f":{"0":5},"b":{"0":[3],"1":[5,5],"2":[5,3],"3":[1,2],"4":[5,0],"5":[5,0],"6":[5,0]},"_coverageSchema":"1a1c01bbd47fc00a2c39e90264f33305004495a9","hash":"296fd45629abcc018d8427d5f8d1594f8fccc556"}
,"E:\\project_self\\vant-element-notice\\src\\lib\\vantElementNotice\\message.js": {"path":"E:\\project_self\\vant-element-notice\\src\\lib\\vantElementNotice\\message.js","statementMap":{"0":{"start":{"line":11,"column":23},"end":{"line":28,"column":1}},"1":{"start":{"line":33,"column":20},"end":{"line":46,"column":1}},"2":{"start":{"line":61,"column":2},"end":{"line":63,"column":3}},"3":{"start":{"line":62,"column":4},"end":{"line":62,"column":34}},"4":{"start":{"line":66,"column":20},"end":{"line":66,"column":112}},"5":{"start":{"line":68,"column":2},"end":{"line":105,"column":3}},"6":{"start":{"line":69,"column":27},"end":{"line":69,"column":29}},"7":{"start":{"line":72,"column":4},"end":{"line":77,"column":6}},"8":{"start":{"line":73,"column":24},"end":{"line":73,"column":51}},"9":{"start":{"line":74,"column":6},"end":{"line":76,"column":7}},"10":{"start":{"line":75,"column":8},"end":{"line":75,"column":48}},"11":{"start":{"line":79,"column":4},"end":{"line":79,"column":49}},"12":{"start":{"line":82,"column":24},"end":{"line":82,"column":26}},"13":{"start":{"line":85,"column":4},"end":{"line":90,"column":6}},"14":{"start":{"line":86,"column":24},"end":{"line":86,"column":48}},"15":{"start":{"line":87,"column":6},"end":{"line":89,"column":7}},"16":{"start":{"line":88,"column":8},"end":{"line":88,"column":45}},"17":{"start":{"line":93,"column":4},"end":{"line":102,"column":5}},"18":{"start":{"line":94,"column":6},"end":{"line":101,"column":7}},"19":{"start":{"line":95,"column":8},"end":{"line":95,"column":60}},"20":{"start":{"line":96,"column":13},"end":{"line":101,"column":7}},"21":{"start":{"line":97,"column":8},"end":{"line":97,"column":57}},"22":{"start":{"line":99,"column":8},"end":{"line":99,"column":57}},"23":{"start":{"line":100,"column":8},"end":{"line":100,"column":48}},"24":{"start":{"line":104,"column":4},"end":{"line":104,"column":44}},"25":{"start":{"line":109,"column":0},"end":{"line":111,"column":1}},"26":{"start":{"line":110,"column":2},"end":{"line":110,"column":63}},"27":{"start":{"line":113,"column":0},"end":{"line":115,"column":1}},"28":{"start":{"line":114,"column":2},"end":{"line":114,"column":63}},"29":{"start":{"line":117,"column":0},"end":{"line":119,"column":1}},"30":{"start":{"line":118,"column":2},"end":{"line":118,"column":61}},"31":{"start":{"line":121,"column":0},"end":{"line":123,"column":1}},"32":{"start":{"line":122,"column":2},"end":{"line":122,"column":60}}},"fnMap":{"0":{"name":"message","decl":{"start":{"line":59,"column":16},"end":{"line":59,"column":23}},"loc":{"start":{"line":59,"column":33},"end":{"line":106,"column":1}},"line":59},"1":{"name":"(anonymous_1)","decl":{"start":{"line":72,"column":33},"end":{"line":72,"column":34}},"loc":{"start":{"line":72,"column":40},"end":{"line":77,"column":5}},"line":72},"2":{"name":"(anonymous_2)","decl":{"start":{"line":85,"column":33},"end":{"line":85,"column":34}},"loc":{"start":{"line":85,"column":40},"end":{"line":90,"column":5}},"line":85},"3":{"name":"(anonymous_3)","decl":{"start":{"line":109,"column":18},"end":{"line":109,"column":19}},"loc":{"start":{"line":109,"column":41},"end":{"line":111,"column":1}},"line":109},"4":{"name":"(anonymous_4)","decl":{"start":{"line":113,"column":18},"end":{"line":113,"column":19}},"loc":{"start":{"line":113,"column":41},"end":{"line":115,"column":1}},"line":113},"5":{"name":"(anonymous_5)","decl":{"start":{"line":117,"column":16},"end":{"line":117,"column":17}},"loc":{"start":{"line":117,"column":39},"end":{"line":119,"column":1}},"line":117},"6":{"name":"(anonymous_6)","decl":{"start":{"line":121,"column":15},"end":{"line":121,"column":16}},"loc":{"start":{"line":121,"column":38},"end":{"line":123,"column":1}},"line":121}},"branchMap":{"0":{"loc":{"start":{"line":61,"column":2},"end":{"line":63,"column":3}},"type":"if","locations":[{"start":{"line":61,"column":2},"end":{"line":63,"column":3}},{"start":{},"end":{}}],"line":61},"1":{"loc":{"start":{"line":66,"column":20},"end":{"line":66,"column":112}},"type":"binary-expr","locations":[{"start":{"line":66,"column":20},"end":{"line":66,"column":63}},{"start":{"line":66,"column":68},"end":{"line":66,"column":111}}],"line":66},"2":{"loc":{"start":{"line":66,"column":68},"end":{"line":66,"column":111}},"type":"cond-expr","locations":[{"start":{"line":66,"column":93},"end":{"line":66,"column":102}},{"start":{"line":66,"column":105},"end":{"line":66,"column":111}}],"line":66},"3":{"loc":{"start":{"line":68,"column":2},"end":{"line":105,"column":3}},"type":"if","locations":[{"start":{"line":68,"column":2},"end":{"line":105,"column":3}},{"start":{"line":80,"column":9},"end":{"line":105,"column":3}}],"line":68},"4":{"loc":{"start":{"line":74,"column":6},"end":{"line":76,"column":7}},"type":"if","locations":[{"start":{"line":74,"column":6},"end":{"line":76,"column":7}},{"start":{},"end":{}}],"line":74},"5":{"loc":{"start":{"line":87,"column":6},"end":{"line":89,"column":7}},"type":"if","locations":[{"start":{"line":87,"column":6},"end":{"line":89,"column":7}},{"start":{},"end":{}}],"line":87},"6":{"loc":{"start":{"line":93,"column":4},"end":{"line":102,"column":5}},"type":"if","locations":[{"start":{"line":93,"column":4},"end":{"line":102,"column":5}},{"start":{},"end":{}}],"line":93},"7":{"loc":{"start":{"line":93,"column":8},"end":{"line":93,"column":54}},"type":"binary-expr","locations":[{"start":{"line":93,"column":8},"end":{"line":93,"column":20}},{"start":{"line":93,"column":24},"end":{"line":93,"column":54}}],"line":93},"8":{"loc":{"start":{"line":94,"column":6},"end":{"line":101,"column":7}},"type":"if","locations":[{"start":{"line":94,"column":6},"end":{"line":101,"column":7}},{"start":{"line":96,"column":13},"end":{"line":101,"column":7}}],"line":94},"9":{"loc":{"start":{"line":96,"column":13},"end":{"line":101,"column":7}},"type":"if","locations":[{"start":{"line":96,"column":13},"end":{"line":101,"column":7}},{"start":{"line":98,"column":13},"end":{"line":101,"column":7}}],"line":96},"10":{"loc":{"start":{"line":109,"column":24},"end":{"line":109,"column":36}},"type":"default-arg","locations":[{"start":{"line":109,"column":34},"end":{"line":109,"column":36}}],"line":109},"11":{"loc":{"start":{"line":113,"column":24},"end":{"line":113,"column":36}},"type":"default-arg","locations":[{"start":{"line":113,"column":34},"end":{"line":113,"column":36}}],"line":113},"12":{"loc":{"start":{"line":117,"column":22},"end":{"line":117,"column":34}},"type":"default-arg","locations":[{"start":{"line":117,"column":32},"end":{"line":117,"column":34}}],"line":117},"13":{"loc":{"start":{"line":121,"column":21},"end":{"line":121,"column":33}},"type":"default-arg","locations":[{"start":{"line":121,"column":31},"end":{"line":121,"column":33}}],"line":121}},"s":{"0":5,"1":5,"2":12,"3":2,"4":12,"5":12,"6":6,"7":6,"8":15,"9":15,"10":15,"11":6,"12":6,"13":6,"14":13,"15":13,"16":8,"17":6,"18":5,"19":2,"20":3,"21":1,"22":2,"23":2,"24":1,"25":5,"26":2,"27":5,"28":2,"29":5,"30":2,"31":5,"32":2},"f":{"0":12,"1":15,"2":13,"3":2,"4":2,"5":2,"6":2},"b":{"0":[2,10],"1":[12,12],"2":[6,6],"3":[6,6],"4":[15,0],"5":[8,5],"6":[5,1],"7":[6,5],"8":[2,3],"9":[1,2],"10":[2],"11":[2],"12":[2],"13":[2]},"_coverageSchema":"1a1c01bbd47fc00a2c39e90264f33305004495a9","hash":"36dc014452046ca8af08cefb0cb1f2b8c3e1b8d6"}
}
