TN:
SF:src\lib\index.js
FNF:0
FNH:0
LF:0
LH:0
BRF:0
BRH:0
end_of_record
TN:
SF:src\lib\vantElementNotice\alert.js
FN:42,alert
FN:73,(anonymous_1)
FNF:2
FNH:2
FNDA:7,alert
FNDA:1,(anonymous_1)
DA:11,5
DA:44,7
DA:45,4
DA:53,7
DA:55,7
DA:56,3
DA:62,3
DA:65,4
DA:72,4
DA:73,2
DA:74,1
DA:75,1
DA:79,4
LF:13
LH:13
BRDA:42,0,0,5
BRDA:42,1,0,7
BRDA:44,2,0,4
BRDA:44,2,1,3
BRDA:47,3,0,4
BRDA:47,3,1,2
BRDA:48,4,0,4
BRDA:48,4,1,4
BRDA:53,5,0,7
BRDA:53,5,1,7
BRDA:53,6,0,3
BRDA:53,6,1,4
BRDA:55,7,0,3
BRDA:55,7,1,4
BRDA:58,8,0,3
BRDA:58,8,1,0
BRDA:62,9,0,3
BRDA:62,9,1,1
BRDA:66,10,0,4
BRDA:66,10,1,1
BRDA:68,11,0,4
BRDA:68,11,1,1
BRDA:72,12,0,2
BRDA:72,12,1,2
BRF:24
BRH:23
end_of_record
TN:
SF:src\lib\vantElementNotice\confirm.js
FN:47,confirm
FN:81,(anonymous_1)
FNF:2
FNH:2
FNDA:7,confirm
FNDA:2,(anonymous_1)
DA:11,5
DA:49,7
DA:50,4
DA:59,7
DA:61,7
DA:62,3
DA:69,3
DA:72,4
DA:80,4
DA:81,2
DA:82,2
DA:83,2
DA:87,4
LF:13
LH:13
BRDA:47,0,0,5
BRDA:47,1,0,7
BRDA:47,2,0,7
BRDA:49,3,0,4
BRDA:49,3,1,3
BRDA:52,4,0,4
BRDA:52,4,1,2
BRDA:53,5,0,4
BRDA:53,5,1,4
BRDA:54,6,0,4
BRDA:54,6,1,4
BRDA:59,7,0,7
BRDA:59,7,1,7
BRDA:59,8,0,3
BRDA:59,8,1,4
BRDA:61,9,0,3
BRDA:61,9,1,4
BRDA:64,10,0,3
BRDA:64,10,1,0
BRDA:65,11,0,3
BRDA:65,11,1,0
BRDA:69,12,0,3
BRDA:69,12,1,1
BRDA:73,13,0,4
BRDA:73,13,1,1
BRDA:75,14,0,4
BRDA:75,14,1,1
BRDA:76,15,0,4
BRDA:76,15,1,1
BRDA:80,16,0,2
BRDA:80,16,1,2
BRF:31
BRH:29
end_of_record
TN:
SF:src\lib\vantElementNotice\index.js
FN:35,(anonymous_0)
FNF:1
FNH:1
FNDA:5,(anonymous_0)
DA:17,5
DA:27,5
DA:37,5
DA:40,5
DA:43,5
DA:49,5
DA:52,5
DA:53,5
DA:54,5
DA:57,5
LF:10
LH:10
BRDA:35,0,0,3
BRDA:37,1,0,5
BRDA:37,1,1,5
BRDA:40,2,0,5
BRDA:40,2,1,3
BRDA:40,3,0,1
BRDA:40,3,1,2
BRDA:52,4,0,5
BRDA:52,4,1,0
BRDA:53,5,0,5
BRDA:53,5,1,0
BRDA:54,6,0,5
BRDA:54,6,1,0
BRF:13
BRH:10
end_of_record
TN:
SF:src\lib\vantElementNotice\message.js
FN:59,message
FN:72,(anonymous_1)
FN:85,(anonymous_2)
FN:109,(anonymous_3)
FN:113,(anonymous_4)
FN:117,(anonymous_5)
FN:121,(anonymous_6)
FNF:7
FNH:7
FNDA:12,message
FNDA:15,(anonymous_1)
FNDA:13,(anonymous_2)
FNDA:2,(anonymous_3)
FNDA:2,(anonymous_4)
FNDA:2,(anonymous_5)
FNDA:2,(anonymous_6)
DA:11,5
DA:33,5
DA:61,12
DA:62,2
DA:66,12
DA:68,12
DA:69,6
DA:72,6
DA:73,15
DA:74,15
DA:75,15
DA:79,6
DA:82,6
DA:85,6
DA:86,13
DA:87,13
DA:88,8
DA:93,6
DA:94,5
DA:95,2
DA:96,3
DA:97,1
DA:99,2
DA:100,2
DA:104,1
DA:109,5
DA:110,2
DA:113,5
DA:114,2
DA:117,5
DA:118,2
DA:121,5
DA:122,2
LF:33
LH:33
BRDA:61,0,0,2
BRDA:61,0,1,10
BRDA:66,1,0,12
BRDA:66,1,1,12
BRDA:66,2,0,6
BRDA:66,2,1,6
BRDA:68,3,0,6
BRDA:68,3,1,6
BRDA:74,4,0,15
BRDA:74,4,1,0
BRDA:87,5,0,8
BRDA:87,5,1,5
BRDA:93,6,0,5
BRDA:93,6,1,1
BRDA:93,7,0,6
BRDA:93,7,1,5
BRDA:94,8,0,2
BRDA:94,8,1,3
BRDA:96,9,0,1
BRDA:96,9,1,2
BRDA:109,10,0,2
BRDA:113,11,0,2
BRDA:117,12,0,2
BRDA:121,13,0,2
BRF:24
BRH:23
end_of_record
