TN:
SF:src\lib\index.js
FNF:0
FNH:0
LF:0
LH:0
BRF:0
BRH:0
end_of_record
TN:
SF:src\lib\vantElementNotice\alert.js
FN:45,alert
FN:62,(anonymous_1)
FN:70,(anonymous_2)
FN:73,(anonymous_3)
FN:86,(anonymous_4)
FNF:5
FNH:0
FNDA:0,alert
FNDA:0,(anonymous_1)
FNDA:0,(anonymous_2)
FNDA:0,(anonymous_3)
FNDA:0,(anonymous_4)
DA:11,3
DA:47,0
DA:48,0
DA:56,0
DA:58,0
DA:59,0
DA:62,0
DA:63,0
DA:64,0
DA:65,0
DA:70,0
DA:71,0
DA:74,0
DA:75,0
DA:77,0
DA:83,0
DA:86,0
DA:87,0
DA:88,0
DA:89,0
DA:93,0
LF:21
LH:1
BRDA:45,0,0,0
BRDA:45,1,0,0
BRDA:47,2,0,0
BRDA:47,2,1,0
BRDA:50,3,0,0
BRDA:50,3,1,0
BRDA:51,4,0,0
BRDA:51,4,1,0
BRDA:56,5,0,0
BRDA:56,5,1,0
BRDA:56,6,0,0
BRDA:56,6,1,0
BRDA:58,7,0,0
BRDA:58,7,1,0
BRDA:64,8,0,0
BRDA:64,8,1,0
BRDA:74,9,0,0
BRDA:74,9,1,0
BRDA:88,10,0,0
BRDA:88,10,1,0
BRF:20
BRH:0
end_of_record
TN:
SF:src\lib\vantElementNotice\confirm.js
FN:48,confirm
FN:66,(anonymous_1)
FN:79,(anonymous_2)
FNF:3
FNH:0
FNDA:0,confirm
FNDA:0,(anonymous_1)
FNDA:0,(anonymous_2)
DA:11,3
DA:50,0
DA:51,0
DA:60,0
DA:62,0
DA:63,0
DA:66,0
DA:67,0
DA:68,0
DA:69,0
DA:73,0
DA:76,0
DA:79,0
DA:80,0
DA:81,0
DA:82,0
DA:86,0
LF:17
LH:1
BRDA:48,0,0,0
BRDA:48,1,0,0
BRDA:48,2,0,0
BRDA:50,3,0,0
BRDA:50,3,1,0
BRDA:53,4,0,0
BRDA:53,4,1,0
BRDA:54,5,0,0
BRDA:54,5,1,0
BRDA:55,6,0,0
BRDA:55,6,1,0
BRDA:60,7,0,0
BRDA:60,7,1,0
BRDA:60,8,0,0
BRDA:60,8,1,0
BRDA:62,9,0,0
BRDA:62,9,1,0
BRDA:68,10,0,0
BRDA:68,10,1,0
BRDA:81,11,0,0
BRDA:81,11,1,0
BRDA:81,12,0,0
BRDA:81,12,1,0
BRF:23
BRH:0
end_of_record
TN:
SF:src\lib\vantElementNotice\index.js
FN:35,(anonymous_0)
FNF:1
FNH:1
FNDA:5,(anonymous_0)
DA:17,3
DA:27,3
DA:37,5
DA:40,5
DA:43,5
DA:49,5
DA:52,5
DA:53,5
DA:54,5
DA:57,5
LF:10
LH:10
BRDA:35,0,0,3
BRDA:37,1,0,5
BRDA:37,1,1,5
BRDA:40,2,0,5
BRDA:40,2,1,3
BRDA:40,3,0,1
BRDA:40,3,1,2
BRDA:52,4,0,5
BRDA:52,4,1,0
BRDA:53,5,0,5
BRDA:53,5,1,0
BRDA:54,6,0,5
BRDA:54,6,1,0
BRF:13
BRH:10
end_of_record
TN:
SF:src\lib\vantElementNotice\message.js
FN:59,message
FN:72,(anonymous_1)
FN:85,(anonymous_2)
FN:109,(anonymous_3)
FN:113,(anonymous_4)
FN:117,(anonymous_5)
FN:121,(anonymous_6)
FNF:7
FNH:0
FNDA:0,message
FNDA:0,(anonymous_1)
FNDA:0,(anonymous_2)
FNDA:0,(anonymous_3)
FNDA:0,(anonymous_4)
FNDA:0,(anonymous_5)
FNDA:0,(anonymous_6)
DA:11,3
DA:33,3
DA:61,0
DA:62,0
DA:66,0
DA:68,0
DA:69,0
DA:72,0
DA:73,0
DA:74,0
DA:75,0
DA:79,0
DA:82,0
DA:85,0
DA:86,0
DA:87,0
DA:88,0
DA:93,0
DA:94,0
DA:95,0
DA:96,0
DA:97,0
DA:99,0
DA:100,0
DA:104,0
DA:109,3
DA:110,0
DA:113,3
DA:114,0
DA:117,3
DA:118,0
DA:121,3
DA:122,0
LF:33
LH:6
BRDA:61,0,0,0
BRDA:61,0,1,0
BRDA:66,1,0,0
BRDA:66,1,1,0
BRDA:66,2,0,0
BRDA:66,2,1,0
BRDA:68,3,0,0
BRDA:68,3,1,0
BRDA:74,4,0,0
BRDA:74,4,1,0
BRDA:87,5,0,0
BRDA:87,5,1,0
BRDA:93,6,0,0
BRDA:93,6,1,0
BRDA:93,7,0,0
BRDA:93,7,1,0
BRDA:94,8,0,0
BRDA:94,8,1,0
BRDA:96,9,0,0
BRDA:96,9,1,0
BRDA:109,10,0,0
BRDA:113,11,0,0
BRDA:117,12,0,0
BRDA:121,13,0,0
BRF:24
BRH:0
end_of_record
